c:\users\wmd000\desktop\z_正用\aut\papers aut\gp game programming\week02_session03 2d game sdl\gp2dframework\framework\debug\vc120.pdb
c:\users\wmd000\desktop\z_正用\aut\papers aut\gp game programming\week02_session03 2d game sdl\gp2dframework\framework\debug\vc120.idb
c:\users\wmd000\desktop\z_正用\aut\papers aut\gp game programming\week02_session03 2d game sdl\gp2dframework\framework\debug\animatedsprite.obj
c:\users\wmd000\desktop\z_正用\aut\papers aut\gp game programming\week02_session03 2d game sdl\gp2dframework\framework\debug\backbuffer.obj
c:\users\wmd000\desktop\z_正用\aut\papers aut\gp game programming\week02_session03 2d game sdl\gp2dframework\framework\debug\bullet.obj
c:\users\wmd000\desktop\z_正用\aut\papers aut\gp game programming\week02_session03 2d game sdl\gp2dframework\framework\debug\enemy.obj
c:\users\wmd000\desktop\z_正用\aut\papers aut\gp game programming\week02_session03 2d game sdl\gp2dframework\framework\debug\entity.obj
c:\users\wmd000\desktop\z_正用\aut\papers aut\gp game programming\week02_session03 2d game sdl\gp2dframework\framework\debug\explosion.obj
c:\users\wmd000\desktop\z_正用\aut\papers aut\gp game programming\week02_session03 2d game sdl\gp2dframework\framework\debug\game.obj
c:\users\wmd000\desktop\z_正用\aut\papers aut\gp game programming\week02_session03 2d game sdl\gp2dframework\framework\debug\inputhandler.obj
c:\users\wmd000\desktop\z_正用\aut\papers aut\gp game programming\week02_session03 2d game sdl\gp2dframework\framework\debug\logmanager.obj
c:\users\wmd000\desktop\z_正用\aut\papers aut\gp game programming\week02_session03 2d game sdl\gp2dframework\framework\debug\main.obj
c:\users\wmd000\desktop\z_正用\aut\papers aut\gp game programming\week02_session03 2d game sdl\gp2dframework\framework\debug\playership.obj
c:\users\wmd000\desktop\z_正用\aut\papers aut\gp game programming\week02_session03 2d game sdl\gp2dframework\framework\debug\sprite.obj
c:\users\wmd000\desktop\z_正用\aut\papers aut\gp game programming\week02_session03 2d game sdl\gp2dframework\framework\debug\texture.obj
c:\users\wmd000\desktop\z_正用\aut\papers aut\gp game programming\week02_session03 2d game sdl\gp2dframework\framework\debug\texturemanager.obj
c:\users\wmd000\desktop\z_正用\aut\papers aut\gp game programming\week03_session06_audio\gp2dframeworkry\framework\debug\vc120.pdb
c:\users\wmd000\desktop\z_正用\aut\papers aut\gp game programming\week03_session06_audio\gp2dframeworkry\framework\debug\vc120.idb
c:\users\wmd000\desktop\z_正用\aut\papers aut\gp game programming\week03_session06_audio\gp2dframeworkry\framework\debug\common.obj
c:\users\wmd000\desktop\z_正用\aut\papers aut\gp game programming\week03_session06_audio\gp2dframeworkry\framework\debug\animatedsprite.obj
c:\users\wmd000\desktop\z_正用\aut\papers aut\gp game programming\week03_session06_audio\gp2dframeworkry\framework\debug\backbuffer.obj
c:\users\wmd000\desktop\z_正用\aut\papers aut\gp game programming\week03_session06_audio\gp2dframeworkry\framework\debug\bullet.obj
c:\users\wmd000\desktop\z_正用\aut\papers aut\gp game programming\week03_session06_audio\gp2dframeworkry\framework\debug\enemy.obj
c:\users\wmd000\desktop\z_正用\aut\papers aut\gp game programming\week03_session06_audio\gp2dframeworkry\framework\debug\entity.obj
c:\users\wmd000\desktop\z_正用\aut\papers aut\gp game programming\week03_session06_audio\gp2dframeworkry\framework\debug\explosion.obj
c:\users\wmd000\desktop\z_正用\aut\papers aut\gp game programming\week03_session06_audio\gp2dframeworkry\framework\debug\game.obj
c:\users\wmd000\desktop\z_正用\aut\papers aut\gp game programming\week03_session06_audio\gp2dframeworkry\framework\debug\inputhandler.obj
c:\users\wmd000\desktop\z_正用\aut\papers aut\gp game programming\week03_session06_audio\gp2dframeworkry\framework\debug\logmanager.obj
c:\users\wmd000\desktop\z_正用\aut\papers aut\gp game programming\week03_session06_audio\gp2dframeworkry\framework\debug\main.obj
c:\users\wmd000\desktop\z_正用\aut\papers aut\gp game programming\week03_session06_audio\gp2dframeworkry\framework\debug\particle.obj
c:\users\wmd000\desktop\z_正用\aut\papers aut\gp game programming\week03_session06_audio\gp2dframeworkry\framework\debug\particleemitter.obj
c:\users\wmd000\desktop\z_正用\aut\papers aut\gp game programming\week03_session06_audio\gp2dframeworkry\framework\debug\playership.obj
c:\users\wmd000\desktop\z_正用\aut\papers aut\gp game programming\week03_session06_audio\gp2dframeworkry\framework\debug\sprite.obj
c:\users\wmd000\desktop\z_正用\aut\papers aut\gp game programming\week03_session06_audio\gp2dframeworkry\framework\debug\texture.obj
c:\users\wmd000\desktop\z_正用\aut\papers aut\gp game programming\week03_session06_audio\gp2dframeworkry\framework\debug\texturemanager.obj
c:\users\wmd000\desktop\z_正用\aut\papers aut\gp game programming\week02_session03 2d game sdl\gp2dframework\debug\framework.ilk
c:\users\wmd000\desktop\z_正用\aut\papers aut\gp game programming\week02_session03 2d game sdl\gp2dframework\debug\framework.exe
c:\users\wmd000\desktop\z_正用\aut\papers aut\gp game programming\week02_session03 2d game sdl\gp2dframework\debug\framework.pdb
c:\users\wmd000\desktop\z_正用\aut\papers aut\gp game programming\week03_session06_audio\gp2dframeworkry\debug\framework.ilk
c:\users\wmd000\desktop\z_正用\aut\papers aut\gp game programming\week03_session06_audio\gp2dframeworkry\debug\framework.exe
c:\users\wmd000\desktop\z_正用\aut\papers aut\gp game programming\week03_session06_audio\gp2dframeworkry\debug\framework.pdb
c:\users\wmd000\desktop\z_正用\aut\papers aut\gp game programming\week03_session06_audio\gp2dframeworkry\framework\debug\enemies.obj
c:\users\wmd000\desktop\z_正用\aut\papers aut\gp game programming\week03_session06_audio\gp2dframeworkry\framework\debug\framework.tlog\cl.command.1.tlog
c:\users\wmd000\desktop\z_正用\aut\papers aut\gp game programming\week03_session06_audio\gp2dframeworkry\framework\debug\framework.tlog\cl.read.1.tlog
c:\users\wmd000\desktop\z_正用\aut\papers aut\gp game programming\week03_session06_audio\gp2dframeworkry\framework\debug\framework.tlog\cl.write.1.tlog
c:\users\wmd000\desktop\z_正用\aut\papers aut\gp game programming\week03_session06_audio\gp2dframeworkry\framework\debug\framework.tlog\link.command.1.tlog
c:\users\wmd000\desktop\z_正用\aut\papers aut\gp game programming\week03_session06_audio\gp2dframeworkry\framework\debug\framework.tlog\link.read.1.tlog
c:\users\wmd000\desktop\z_正用\aut\papers aut\gp game programming\week03_session06_audio\gp2dframeworkry\framework\debug\framework.tlog\link.write.1.tlog
